
Showing logs for build [32mcb-kubecd-environment-pr-170-37-sxc8z-1[0m stage [32mfrom-build-pack[0m and container [32mstep-credential-initializer-w5rcn[0m
{"level":"warn","ts":1583009790.7669818,"logger":"fallback-logger","caller":"logging/config.go:69","msg":"Fetch GitHub commit ID from kodata failed: \"ref: refs/heads/0.8.0-**-support-backwards-incompats\" is not a valid GitHub commit ID"}
{"level":"info","ts":1583009790.7678206,"logger":"fallback-logger","caller":"creds-init/main.go:40","msg":"Credentials initialized."}

Showing logs for build [32mcb-kubecd-environment-pr-170-37-sxc8z-1[0m stage [32mfrom-build-pack[0m and container [32mstep-working-dir-initializer-rwlkz[0m
{"level":"warn","ts":1583009791.8535566,"logger":"fallback-logger","caller":"logging/config.go:69","msg":"Fetch GitHub commit ID from kodata failed: open /var/run/ko/HEAD: no such file or directory"}
{"level":"info","ts":1583009791.8549922,"logger":"fallback-logger","caller":"bash/main.go:64","msg":"Successfully executed command \"sh -c mkdir -p /workspace/source\"; output "}

Showing logs for build [32mcb-kubecd-environment-pr-170-37-sxc8z-1[0m stage [32mfrom-build-pack[0m and container [32mstep-place-tools[0m

Showing logs for build [32mcb-kubecd-environment-pr-170-37-sxc8z-1[0m stage [32mfrom-build-pack[0m and container [32mstep-git-source-cb-kubecd-environment-pr-170-37-sxc8z-klxdm[0m
{"level":"warn","ts":1583009797.0778546,"logger":"fallback-logger","caller":"logging/config.go:69","msg":"Fetch GitHub commit ID from kodata failed: \"ref: refs/heads/0.8.0-**-support-backwards-incompats\" is not a valid GitHub commit ID"}
{"level":"info","ts":1583009798.1355498,"logger":"fallback-logger","caller":"git/git.go:103","msg":"Successfully cloned https://github.com/cb-kubecd/environment-pr-170-37-boot-gke-staging.git @ master in path /workspace/source"}

Showing logs for build [32mcb-kubecd-environment-pr-170-37-sxc8z-1[0m stage [32mfrom-build-pack[0m and container [32mstep-git-merge[0m
Using SHAs from PULL_REFS=master:7309cf6f2c6b73a6bb938955e80c65622d02711a,3:6101ecc8999ae87fcabd72cf1053b31b0c315924
DEBUG: JX_LOG_LEVEL=error LC_ALL=C git fetch origin --unshallow 6101ecc8999ae87fcabd72cf1053b31b0c315924: 7309cf6f2c6b73a6bb938955e80c65622d02711a:
DEBUG: ran git fetch --unshallow origin 6101ecc8999ae87fcabd72cf1053b31b0c315924: 7309cf6f2c6b73a6bb938955e80c65622d02711a: in 
DEBUG: LC_ALL=C JX_LOG_LEVEL=error git branch
DEBUG: JX_LOG_LEVEL=error LC_ALL=C git checkout master
DEBUG: ran git checkout master in 
DEBUG: LC_ALL=C JX_LOG_LEVEL=error git reset --hard 7309cf6f2c6b73a6bb938955e80c65622d02711a
DEBUG: ran git reset --hard 7309cf6f2c6b73a6bb938955e80c65622d02711a in 
DEBUG: LC_ALL=C JX_LOG_LEVEL=error git clean -fd .
DEBUG: ran clean --force -d . in 
DEBUG: LC_ALL=C JX_LOG_LEVEL=error git merge 6101ecc8999ae87fcabd72cf1053b31b0c315924
DEBUG: ran git merge 6101ecc8999ae87fcabd72cf1053b31b0c315924 in 
DEBUG: LC_ALL=C JX_LOG_LEVEL=error git log --format=%H%x1f%an%x1f%ae%x1f%cn%x1f%ce%x1f%s%n%b%x1e 7309cf6f2c6b73a6bb938955e80c65622d02711a..HEAD
Merged SHA 6101ecc8999ae87fcabd72cf1053b31b0c315924 with commit message 'chore: Promote bdd-sbhg-1583008777 to version 0.0.1' into base branch master

Showing logs for build [32mcb-kubecd-environment-pr-170-37-sxc8z-1[0m stage [32mfrom-build-pack[0m and container [32mstep-build-helm-build[0m
WARNING: No $CHART_REPOSITORY defined so using the default value of: http://jenkins-x-chartmuseum:8080
Adding missing Helm repo: storage.googleapis.com https://storage.googleapis.com/chartmuseum.jenkins-x.io
WARNING: No secrets found on "helm/repos" due: reading the secret "helm/repos" from vault: no secret "helm/repos" not found in vault
Read credentials for https://storage.googleapis.com/chartmuseum.jenkins-x.io from vault helm/repos
Successfully added Helm repository storage.googleapis.com.
Adding missing Helm repo: jenkins-x-chartmuseum http://jenkins-x-chartmuseum:8080
WARNING: No secrets found on "helm/repos" due: reading the secret "helm/repos" from vault: no secret "helm/repos" not found in vault
Read credentials for http://jenkins-x-chartmuseum:8080 from vault helm/repos
Successfully added Helm repository jenkins-x-chartmuseum.
WARNING: No $CHART_REPOSITORY defined so using the default value of: http://jenkins-x-chartmuseum:8080
Adding missing Helm repo: chartmuseum.jenkins-x.io http://chartmuseum.jenkins-x.io
WARNING: No secrets found on "helm/repos" due: reading the secret "helm/repos" from vault: no secret "helm/repos" not found in vault
Read credentials for http://chartmuseum.jenkins-x.io from vault helm/repos
Successfully added Helm repository chartmuseum.jenkins-x.io.
