
Showing logs for build [32mcb-kubecd-environment-pr-170-37-8kmv8-1[0m stage [32mfrom-build-pack[0m and container [32mstep-credential-initializer-ghz79[0m
{"level":"warn","ts":1583008120.105394,"logger":"fallback-logger","caller":"logging/config.go:69","msg":"Fetch GitHub commit ID from kodata failed: \"ref: refs/heads/0.8.0-**-support-backwards-incompats\" is not a valid GitHub commit ID"}
{"level":"info","ts":1583008120.1063862,"logger":"fallback-logger","caller":"creds-init/main.go:40","msg":"Credentials initialized."}

Showing logs for build [32mcb-kubecd-environment-pr-170-37-8kmv8-1[0m stage [32mfrom-build-pack[0m and container [32mstep-working-dir-initializer-9pvl5[0m
{"level":"warn","ts":1583008121.0957155,"logger":"fallback-logger","caller":"logging/config.go:69","msg":"Fetch GitHub commit ID from kodata failed: open /var/run/ko/HEAD: no such file or directory"}
{"level":"info","ts":1583008121.0977004,"logger":"fallback-logger","caller":"bash/main.go:64","msg":"Successfully executed command \"sh -c mkdir -p /workspace/source\"; output "}

Showing logs for build [32mcb-kubecd-environment-pr-170-37-8kmv8-1[0m stage [32mfrom-build-pack[0m and container [32mstep-place-tools[0m

Showing logs for build [32mcb-kubecd-environment-pr-170-37-8kmv8-1[0m stage [32mfrom-build-pack[0m and container [32mstep-git-source-cb-kubecd-environment-pr-170-37-8kmv8-25m82[0m
{"level":"warn","ts":1583008126.182696,"logger":"fallback-logger","caller":"logging/config.go:69","msg":"Fetch GitHub commit ID from kodata failed: \"ref: refs/heads/0.8.0-**-support-backwards-incompats\" is not a valid GitHub commit ID"}
{"level":"info","ts":1583008127.2109084,"logger":"fallback-logger","caller":"git/git.go:103","msg":"Successfully cloned https://github.com/cb-kubecd/environment-pr-170-37-boot-gke-staging.git @ master in path /workspace/source"}

Showing logs for build [32mcb-kubecd-environment-pr-170-37-8kmv8-1[0m stage [32mfrom-build-pack[0m and container [32mstep-git-merge[0m
Using SHAs from PULL_REFS=master:176fcf339c70b63a15144b59f7246be7c7208314,1:904e23e92a85b27af8a64d6bf3c2bd6797ea148e
DEBUG: LC_ALL=C JX_LOG_LEVEL=error git fetch origin --unshallow 904e23e92a85b27af8a64d6bf3c2bd6797ea148e: 176fcf339c70b63a15144b59f7246be7c7208314:
DEBUG: ran git fetch --unshallow origin 904e23e92a85b27af8a64d6bf3c2bd6797ea148e: 176fcf339c70b63a15144b59f7246be7c7208314: in 
DEBUG: LC_ALL=C JX_LOG_LEVEL=error git branch
DEBUG: LC_ALL=C JX_LOG_LEVEL=error git checkout master
DEBUG: ran git checkout master in 
DEBUG: LC_ALL=C JX_LOG_LEVEL=error git reset --hard 176fcf339c70b63a15144b59f7246be7c7208314
DEBUG: ran git reset --hard 176fcf339c70b63a15144b59f7246be7c7208314 in 
DEBUG: LC_ALL=C JX_LOG_LEVEL=error git clean -fd .
DEBUG: ran clean --force -d . in 
DEBUG: LC_ALL=C JX_LOG_LEVEL=error git merge 904e23e92a85b27af8a64d6bf3c2bd6797ea148e
DEBUG: ran git merge 904e23e92a85b27af8a64d6bf3c2bd6797ea148e in 
DEBUG: LC_ALL=C JX_LOG_LEVEL=error git log --format=%H%x1f%an%x1f%ae%x1f%cn%x1f%ce%x1f%s%n%b%x1e 176fcf339c70b63a15144b59f7246be7c7208314..HEAD
Merged SHA 904e23e92a85b27af8a64d6bf3c2bd6797ea148e with commit message 'chore: Promote bdd-spring-1583007820 to version 0.0.1' into base branch master

Showing logs for build [32mcb-kubecd-environment-pr-170-37-8kmv8-1[0m stage [32mfrom-build-pack[0m and container [32mstep-build-helm-build[0m
WARNING: No $CHART_REPOSITORY defined so using the default value of: http://jenkins-x-chartmuseum:8080
Adding missing Helm repo: storage.googleapis.com https://storage.googleapis.com/chartmuseum.jenkins-x.io
WARNING: No secrets found on "helm/repos" due: reading the secret "helm/repos" from vault: no secret "helm/repos" not found in vault
Read credentials for https://storage.googleapis.com/chartmuseum.jenkins-x.io from vault helm/repos
Successfully added Helm repository storage.googleapis.com.
Adding missing Helm repo: jenkins-x-chartmuseum http://jenkins-x-chartmuseum:8080
WARNING: No secrets found on "helm/repos" due: reading the secret "helm/repos" from vault: no secret "helm/repos" not found in vault
Read credentials for http://jenkins-x-chartmuseum:8080 from vault helm/repos
Successfully added Helm repository jenkins-x-chartmuseum.
WARNING: No $CHART_REPOSITORY defined so using the default value of: http://jenkins-x-chartmuseum:8080
Adding missing Helm repo: chartmuseum.jenkins-x.io http://chartmuseum.jenkins-x.io
WARNING: No secrets found on "helm/repos" due: reading the secret "helm/repos" from vault: no secret "helm/repos" not found in vault
Read credentials for http://chartmuseum.jenkins-x.io from vault helm/repos
Successfully added Helm repository chartmuseum.jenkins-x.io.
